2024-10-19 21:40:32 INFO  TC02:18 - ---------Starting the TC02---------
2024-10-19 21:40:33 INFO  TC02:24 - Clicked on SignUP login link
2024-10-19 21:40:33 INFO  TC02:29 - Login to your account is Displayed
2024-10-19 21:43:05 INFO  TC02:18 - ---------Starting the TC02---------
2024-10-19 21:43:06 INFO  TC02:24 - Clicked on SignUP login link
2024-10-19 21:43:06 INFO  TC02:29 - Login to your account is Displayed
2024-10-19 21:43:10 INFO  TC02:46 - ---------Finished the TC02---------
2024-10-19 21:44:46 INFO  TC02:18 - ---------Starting the TC02---------
2024-10-19 21:44:47 INFO  TC02:24 - Clicked on SignUP login link
2024-10-19 21:44:48 INFO  TC02:29 - Login to your account is Displayed
2024-10-19 21:53:26 INFO  TC02:18 - ---------Starting the TC02---------
2024-10-19 21:53:27 INFO  TC02:24 - Clicked on SignUP login link
2024-10-19 21:53:27 INFO  TC02:29 - Login to your account is Displayed
2024-10-19 21:53:32 INFO  TC02:38 - Bhola is displayed
2024-10-19 21:53:32 INFO  TC02:46 - ---------Finished the TC02---------
2024-10-19 21:55:10 INFO  TC02:18 - ---------Starting the TC02---------
2024-10-19 21:55:12 INFO  TC02:24 - Clicked on SignUP login link
2024-10-19 21:55:12 INFO  TC02:29 - Login to your account is Displayed
2024-10-19 21:56:37 INFO  TC02:18 - ---------Starting the TC02---------
2024-10-19 21:56:38 INFO  TC02:24 - Clicked on SignUP login link
2024-10-19 21:56:38 INFO  TC02:29 - Login to your account is Displayed
2024-10-19 21:56:42 INFO  TC02:38 - Bhola is displayed
2024-10-19 21:56:42 INFO  TC02:46 - ---------Finished the TC02---------
